# JRE version: OpenJDK Runtime Environment (21.0.3) (build 21.0.3+-12282718-b509.11)
# Java VM: OpenJDK 64-Bit Server VM (21.0.3+-12282718-b509.11, mixed mode, tiered, compressed oops, compressed class ptrs, g1 gc, windows-amd64)
GC Precious Log:
 CardTable entry size: 512
 Card Set container configuration: InlinePtr #cards 5 size 8 Array Of Cards #cards 12 size 40 Howl #buckets 4 coarsen threshold 1843 Howl Bitmap #cards 512 size 80 coarsen threshold 460 Card regions per heap region 1 cards per card region 2048
 CPUs: 4 total, 4 available
 Memory: 7926M
 Large Page Support: Disabled
 NUMA Support: Disabled
 Compressed Oops: Enabled (32-bit)
 Heap Region Size: 1M
 Heap Min Capacity: 8M
 Heap Initial Capacity: 124M
 Heap Max Capacity: 2G
 Pre-touch: Disabled
 Parallel Workers: 4
 Concurrent Workers: 1
 Concurrent Refinement Workers: 4
 Periodic GC: Disabled
Heap:
 garbage-first heap   total 343040K, used 302351K [0x0000000080000000, 0x0000000100000000)
  region size 1024K, 150 young (153600K), 13 survivors (13312K)
 Metaspace       used 147144K, committed 149504K, reserved 1179648K
  class space    used 19662K, committed 20864K, reserved 1048576K
GC Heap History (20 events):
Event: 514.239 GC heap before
{Heap before GC invocations=56 (full 0):
 garbage-first heap   total 221184K, used 152301K [0x0000000080000000, 0x0000000100000000)
  region size 1024K, 31 young (31744K), 8 survivors (8192K)
 Metaspace       used 114799K, committed 116992K, reserved 1179648K
  class space    used 15479K, committed 16576K, reserved 1048576K
}
Event: 514.258 GC heap after
{Heap after GC invocations=57 (full 0):
 garbage-first heap   total 221184K, used 140288K [0x0000000080000000, 0x0000000100000000)
  region size 1024K, 8 young (8192K), 8 survivors (8192K)
 Metaspace       used 114799K, committed 116992K, reserved 1179648K
  class space    used 15479K, committed 16576K, reserved 1048576K
}
Event: 514.497 GC heap before
{Heap before GC invocations=57 (full 0):
 garbage-first heap   total 221184K, used 186368K [0x0000000080000000, 0x0000000100000000)
  region size 1024K, 46 young (47104K), 8 survivors (8192K)
 Metaspace       used 114846K, committed 117056K, reserved 1179648K
  class space    used 15482K, committed 16576K, reserved 1048576K
}
Event: 514.511 GC heap after
{Heap after GC invocations=58 (full 0):
 garbage-first heap   total 343040K, used 146117K [0x0000000080000000, 0x0000000100000000)
  region size 1024K, 6 young (6144K), 6 survivors (6144K)
 Metaspace       used 114846K, committed 117056K, reserved 1179648K
  class space    used 15482K, committed 16576K, reserved 1048576K
}
Event: 516.368 GC heap before
{Heap before GC invocations=59 (full 0):
 garbage-first heap   total 343040K, used 249541K [0x0000000080000000, 0x0000000100000000)
  region size 1024K, 99 young (101376K), 6 survivors (6144K)
 Metaspace       used 118003K, committed 120128K, reserved 1179648K
  class space    used 15742K, committed 16832K, reserved 1048576K
}
Event: 516.375 GC heap after
{Heap after GC invocations=60 (full 0):
 garbage-first heap   total 343040K, used 140288K [0x0000000080000000, 0x0000000100000000)
  region size 1024K, 6 young (6144K), 6 survivors (6144K)
 Metaspace       used 118003K, committed 120128K, reserved 1179648K
  class space    used 15742K, committed 16832K, reserved 1048576K
}
Event: 518.947 GC heap before
{Heap before GC invocations=60 (full 0):
 garbage-first heap   total 343040K, used 285696K [0x0000000080000000, 0x0000000100000000)
  region size 1024K, 143 young (146432K), 6 survivors (6144K)
 Metaspace       used 126922K, committed 129216K, reserved 1179648K
  class space    used 16888K, committed 18048K, reserved 1048576K
}
Event: 518.979 GC heap after
{Heap after GC invocations=61 (full 0):
 garbage-first heap   total 343040K, used 161573K [0x0000000080000000, 0x0000000100000000)
  region size 1024K, 18 young (18432K), 18 survivors (18432K)
 Metaspace       used 126922K, committed 129216K, reserved 1179648K
  class space    used 16888K, committed 18048K, reserved 1048576K
}
Event: 520.768 GC heap before
{Heap before GC invocations=61 (full 0):
 garbage-first heap   total 343040K, used 282405K [0x0000000080000000, 0x0000000100000000)
  region size 1024K, 135 young (138240K), 18 survivors (18432K)
 Metaspace       used 138480K, committed 140672K, reserved 1179648K
  class space    used 18557K, committed 19648K, reserved 1048576K
}
Event: 520.800 GC heap after
{Heap after GC invocations=62 (full 0):
 garbage-first heap   total 343040K, used 165104K [0x0000000080000000, 0x0000000100000000)
  region size 1024K, 13 young (13312K), 13 survivors (13312K)
 Metaspace       used 138480K, committed 140672K, reserved 1179648K
  class space    used 18557K, committed 19648K, reserved 1048576K
}
Event: 521.724 GC heap before
{Heap before GC invocations=62 (full 0):
 garbage-first heap   total 343040K, used 235760K [0x0000000080000000, 0x0000000100000000)
  region size 1024K, 84 young (86016K), 13 survivors (13312K)
 Metaspace       used 143707K, committed 146048K, reserved 1179648K
  class space    used 19180K, committed 20352K, reserved 1048576K
}
Event: 521.739 GC heap after
{Heap after GC invocations=63 (full 0):
 garbage-first heap   total 343040K, used 168256K [0x0000000080000000, 0x0000000100000000)
  region size 1024K, 4 young (4096K), 4 survivors (4096K)
 Metaspace       used 143707K, committed 146048K, reserved 1179648K
  class space    used 19180K, committed 20352K, reserved 1048576K
}
Event: 600.332 GC heap before
{Heap before GC invocations=64 (full 0):
 garbage-first heap   total 343040K, used 308544K [0x0000000080000000, 0x0000000100000000)
  region size 1024K, 128 young (131072K), 4 survivors (4096K)
 Metaspace       used 146192K, committed 148544K, reserved 1179648K
  class space    used 19659K, committed 20864K, reserved 1048576K
}
Event: 600.354 GC heap after
{Heap after GC invocations=65 (full 0):
 garbage-first heap   total 343040K, used 173259K [0x0000000080000000, 0x0000000100000000)
  region size 1024K, 10 young (10240K), 10 survivors (10240K)
 Metaspace       used 146192K, committed 148544K, reserved 1179648K
  class space    used 19659K, committed 20864K, reserved 1048576K
}
Event: 758.627 GC heap before
{Heap before GC invocations=65 (full 0):
 garbage-first heap   total 343040K, used 327883K [0x0000000080000000, 0x0000000100000000)
  region size 1024K, 134 young (137216K), 10 survivors (10240K)
 Metaspace       used 146376K, committed 148736K, reserved 1179648K
  class space    used 19659K, committed 20864K, reserved 1048576K
}
Event: 758.794 GC heap after
{Heap after GC invocations=66 (full 0):
 garbage-first heap   total 343040K, used 137487K [0x0000000080000000, 0x0000000100000000)
  region size 1024K, 2 young (2048K), 2 survivors (2048K)
 Metaspace       used 146376K, committed 148736K, reserved 1179648K
  class space    used 19659K, committed 20864K, reserved 1048576K
}
Event: 760.075 GC heap before
{Heap before GC invocations=66 (full 0):
 garbage-first heap   total 343040K, used 185615K [0x0000000080000000, 0x0000000100000000)
  region size 1024K, 50 young (51200K), 2 survivors (2048K)
 Metaspace       used 146517K, committed 148928K, reserved 1179648K
  class space    used 19662K, committed 20864K, reserved 1048576K
}
Event: 760.092 GC heap after
{Heap after GC invocations=67 (full 0):
 garbage-first heap   total 343040K, used 143631K [0x0000000080000000, 0x0000000100000000)
  region size 1024K, 8 young (8192K), 8 survivors (8192K)
 Metaspace       used 146517K, committed 148928K, reserved 1179648K
  class space    used 19662K, committed 20864K, reserved 1048576K
}
Event: 764.061 GC heap before
{Heap before GC invocations=68 (full 0):
 garbage-first heap   total 343040K, used 325903K [0x0000000080000000, 0x0000000100000000)
  region size 1024K, 167 young (171008K), 8 survivors (8192K)
 Metaspace       used 146394K, committed 148800K, reserved 1179648K
  class space    used 19636K, committed 20864K, reserved 1048576K
}
Event: 764.100 GC heap after
{Heap after GC invocations=69 (full 0):
 garbage-first heap   total 343040K, used 144655K [0x0000000080000000, 0x0000000100000000)
  region size 1024K, 13 young (13312K), 13 survivors (13312K)
 Metaspace       used 146394K, committed 148800K, reserved 1179648K
  class space    used 19636K, committed 20864K, reserved 1048576K
}

