# JRE version: OpenJDK Runtime Environment (21.0.3) (build 21.0.3+-12282718-b509.11)
# Java VM: OpenJDK 64-Bit Server VM (21.0.3+-12282718-b509.11, mixed mode, tiered, compressed oops, compressed class ptrs, g1 gc, windows-amd64)
GC Precious Log:
 CardTable entry size: 512
 Card Set container configuration: InlinePtr #cards 5 size 8 Array Of Cards #cards 12 size 40 Howl #buckets 4 coarsen threshold 1843 Howl Bitmap #cards 512 size 80 coarsen threshold 460 Card regions per heap region 1 cards per card region 2048
 CPUs: 4 total, 4 available
 Memory: 7926M
 Large Page Support: Disabled
 NUMA Support: Disabled
 Compressed Oops: Enabled (32-bit)
 Heap Region Size: 1M
 Heap Min Capacity: 8M
 Heap Initial Capacity: 124M
 Heap Max Capacity: 2G
 Pre-touch: Disabled
 Parallel Workers: 4
 Concurrent Workers: 1
 Concurrent Refinement Workers: 4
 Periodic GC: Disabled
Heap:
 garbage-first heap   total 224256K, used 146796K [0x0000000080000000, 0x0000000100000000)
  region size 1024K, 9 young (9216K), 9 survivors (9216K)
 Metaspace       used 115296K, committed 117376K, reserved 1179648K
  class space    used 15922K, committed 16960K, reserved 1048576K
GC Heap History (20 events):
Event: 21.413 GC heap after
{Heap after GC invocations=38 (full 0):
 garbage-first heap   total 147456K, used 81126K [0x0000000080000000, 0x0000000100000000)
  region size 1024K, 6 young (6144K), 6 survivors (6144K)
 Metaspace       used 97924K, committed 99904K, reserved 1179648K
  class space    used 13558K, committed 14528K, reserved 1048576K
}
Event: 22.419 GC heap before
{Heap before GC invocations=38 (full 0):
 garbage-first heap   total 147456K, used 131302K [0x0000000080000000, 0x0000000100000000)
  region size 1024K, 56 young (57344K), 6 survivors (6144K)
 Metaspace       used 100966K, committed 102976K, reserved 1179648K
  class space    used 14043K, committed 15040K, reserved 1048576K
}
Event: 22.432 GC heap after
{Heap after GC invocations=39 (full 0):
 garbage-first heap   total 147456K, used 85849K [0x0000000080000000, 0x0000000100000000)
  region size 1024K, 7 young (7168K), 7 survivors (7168K)
 Metaspace       used 100966K, committed 102976K, reserved 1179648K
  class space    used 14043K, committed 15040K, reserved 1048576K
}
Event: 22.839 GC heap before
{Heap before GC invocations=39 (full 0):
 garbage-first heap   total 147456K, used 130905K [0x0000000080000000, 0x0000000100000000)
  region size 1024K, 52 young (53248K), 7 survivors (7168K)
 Metaspace       used 101036K, committed 103040K, reserved 1179648K
  class space    used 14048K, committed 15040K, reserved 1048576K
}
Event: 22.851 GC heap after
{Heap after GC invocations=40 (full 0):
 garbage-first heap   total 177152K, used 88585K [0x0000000080000000, 0x0000000100000000)
  region size 1024K, 4 young (4096K), 4 survivors (4096K)
 Metaspace       used 101036K, committed 103040K, reserved 1179648K
  class space    used 14048K, committed 15040K, reserved 1048576K
}
Event: 24.434 GC heap before
{Heap before GC invocations=41 (full 0):
 garbage-first heap   total 177152K, used 162313K [0x0000000080000000, 0x0000000100000000)
  region size 1024K, 72 young (73728K), 4 survivors (4096K)
 Metaspace       used 105149K, committed 107200K, reserved 1179648K
  class space    used 14472K, committed 15488K, reserved 1048576K
}
Event: 24.445 GC heap after
{Heap after GC invocations=42 (full 0):
 garbage-first heap   total 177152K, used 92681K [0x0000000080000000, 0x0000000100000000)
  region size 1024K, 8 young (8192K), 8 survivors (8192K)
 Metaspace       used 105149K, committed 107200K, reserved 1179648K
  class space    used 14472K, committed 15488K, reserved 1048576K
}
Event: 24.985 GC heap before
{Heap before GC invocations=42 (full 0):
 garbage-first heap   total 177152K, used 159241K [0x0000000080000000, 0x0000000100000000)
  region size 1024K, 72 young (73728K), 8 survivors (8192K)
 Metaspace       used 105924K, committed 108032K, reserved 1179648K
  class space    used 14580K, committed 15616K, reserved 1048576K
}
Event: 25.000 GC heap after
{Heap after GC invocations=43 (full 0):
 garbage-first heap   total 178176K, used 99574K [0x0000000080000000, 0x0000000100000000)
  region size 1024K, 9 young (9216K), 9 survivors (9216K)
 Metaspace       used 105924K, committed 108032K, reserved 1179648K
  class space    used 14580K, committed 15616K, reserved 1048576K
}
Event: 25.644 GC heap before
{Heap before GC invocations=43 (full 0):
 garbage-first heap   total 178176K, used 156918K [0x0000000080000000, 0x0000000100000000)
  region size 1024K, 66 young (67584K), 9 survivors (9216K)
 Metaspace       used 109569K, committed 111616K, reserved 1179648K
  class space    used 15100K, committed 16128K, reserved 1048576K
}
Event: 25.656 GC heap after
{Heap after GC invocations=44 (full 0):
 garbage-first heap   total 178176K, used 106790K [0x0000000080000000, 0x0000000100000000)
  region size 1024K, 9 young (9216K), 9 survivors (9216K)
 Metaspace       used 109569K, committed 111616K, reserved 1179648K
  class space    used 15100K, committed 16128K, reserved 1048576K
}
Event: 26.147 GC heap before
{Heap before GC invocations=45 (full 0):
 garbage-first heap   total 186368K, used 156966K [0x0000000080000000, 0x0000000100000000)
  region size 1024K, 58 young (59392K), 9 survivors (9216K)
 Metaspace       used 109938K, committed 111936K, reserved 1179648K
  class space    used 15129K, committed 16128K, reserved 1048576K
}
Event: 26.166 GC heap after
{Heap after GC invocations=46 (full 0):
 garbage-first heap   total 186368K, used 113977K [0x0000000080000000, 0x0000000100000000)
  region size 1024K, 8 young (8192K), 8 survivors (8192K)
 Metaspace       used 109938K, committed 111936K, reserved 1179648K
  class space    used 15129K, committed 16128K, reserved 1048576K
}
Event: 27.052 GC heap before
{Heap before GC invocations=46 (full 0):
 garbage-first heap   total 186368K, used 162105K [0x0000000080000000, 0x0000000100000000)
  region size 1024K, 56 young (57344K), 8 survivors (8192K)
 Metaspace       used 111733K, committed 113728K, reserved 1179648K
  class space    used 15406K, committed 16384K, reserved 1048576K
}
Event: 27.076 GC heap after
{Heap after GC invocations=47 (full 0):
 garbage-first heap   total 186368K, used 121682K [0x0000000080000000, 0x0000000100000000)
  region size 1024K, 7 young (7168K), 7 survivors (7168K)
 Metaspace       used 111733K, committed 113728K, reserved 1179648K
  class space    used 15406K, committed 16384K, reserved 1048576K
}
Event: 27.925 GC heap before
{Heap before GC invocations=47 (full 0):
 garbage-first heap   total 186368K, used 163666K [0x0000000080000000, 0x0000000100000000)
  region size 1024K, 49 young (50176K), 7 survivors (7168K)
 Metaspace       used 113185K, committed 115200K, reserved 1179648K
  class space    used 15611K, committed 16640K, reserved 1048576K
}
Event: 27.943 GC heap after
{Heap after GC invocations=48 (full 0):
 garbage-first heap   total 186368K, used 130017K [0x0000000080000000, 0x0000000100000000)
  region size 1024K, 7 young (7168K), 7 survivors (7168K)
 Metaspace       used 113185K, committed 115200K, reserved 1179648K
  class space    used 15611K, committed 16640K, reserved 1048576K
}
Event: 28.702 GC heap before
{Heap before GC invocations=49 (full 0):
 garbage-first heap   total 224256K, used 165857K [0x0000000080000000, 0x0000000100000000)
  region size 1024K, 43 young (44032K), 7 survivors (7168K)
 Metaspace       used 115111K, committed 117184K, reserved 1179648K
  class space    used 15893K, committed 16896K, reserved 1048576K
}
Event: 28.719 GC heap after
{Heap after GC invocations=50 (full 0):
 garbage-first heap   total 224256K, used 136281K [0x0000000080000000, 0x0000000100000000)
  region size 1024K, 6 young (6144K), 6 survivors (6144K)
 Metaspace       used 115111K, committed 117184K, reserved 1179648K
  class space    used 15893K, committed 16896K, reserved 1048576K
}
Event: 29.314 GC heap before
{Heap before GC invocations=50 (full 0):
 garbage-first heap   total 224256K, used 196697K [0x0000000080000000, 0x0000000100000000)
  region size 1024K, 65 young (66560K), 6 survivors (6144K)
 Metaspace       used 115296K, committed 117376K, reserved 1179648K
  class space    used 15922K, committed 16960K, reserved 1048576K
}

