# JRE version: OpenJDK Runtime Environment (21.0.3) (build 21.0.3+-12282718-b509.11)
# Java VM: OpenJDK 64-Bit Server VM (21.0.3+-12282718-b509.11, mixed mode, tiered, compressed oops, compressed class ptrs, g1 gc, windows-amd64)
GC Precious Log:
 CardTable entry size: 512
 Card Set container configuration: InlinePtr #cards 5 size 8 Array Of Cards #cards 12 size 40 Howl #buckets 4 coarsen threshold 1843 Howl Bitmap #cards 512 size 80 coarsen threshold 460 Card regions per heap region 1 cards per card region 2048
 CPUs: 4 total, 4 available
 Memory: 7926M
 Large Page Support: Disabled
 NUMA Support: Disabled
 Compressed Oops: Enabled (32-bit)
 Heap Region Size: 1M
 Heap Min Capacity: 8M
 Heap Initial Capacity: 124M
 Heap Max Capacity: 2G
 Pre-touch: Disabled
 Parallel Workers: 4
 Concurrent Workers: 1
 Concurrent Refinement Workers: 4
 Periodic GC: Disabled
Heap:
 garbage-first heap   total 274432K, used 153085K [0x0000000080000000, 0x0000000100000000)
  region size 1024K, 15 young (15360K), 15 survivors (15360K)
 Metaspace       used 141257K, committed 143488K, reserved 1179648K
  class space    used 18838K, committed 19968K, reserved 1048576K
GC Heap History (20 events):
Event: 136.495 GC heap after
{Heap after GC invocations=69 (full 0):
 garbage-first heap   total 215040K, used 106780K [0x0000000080000000, 0x0000000100000000)
  region size 1024K, 6 young (6144K), 6 survivors (6144K)
 Metaspace       used 129917K, committed 132096K, reserved 1179648K
  class space    used 17283K, committed 18368K, reserved 1048576K
}
Event: 138.281 GC heap before
{Heap before GC invocations=69 (full 0):
 garbage-first heap   total 215040K, used 197916K [0x0000000080000000, 0x0000000100000000)
  region size 1024K, 94 young (96256K), 6 survivors (6144K)
 Metaspace       used 133469K, committed 135744K, reserved 1179648K
  class space    used 17728K, committed 18880K, reserved 1048576K
}
Event: 138.302 GC heap after
{Heap after GC invocations=70 (full 0):
 garbage-first heap   total 216064K, used 114341K [0x0000000080000000, 0x0000000100000000)
  region size 1024K, 12 young (12288K), 12 survivors (12288K)
 Metaspace       used 133469K, committed 135744K, reserved 1179648K
  class space    used 17728K, committed 18880K, reserved 1048576K
}
Event: 140.585 GC heap before
{Heap before GC invocations=70 (full 0):
 garbage-first heap   total 216064K, used 190117K [0x0000000080000000, 0x0000000100000000)
  region size 1024K, 87 young (89088K), 12 survivors (12288K)
 Metaspace       used 133554K, committed 135872K, reserved 1179648K
  class space    used 17728K, committed 18880K, reserved 1048576K
}
Event: 140.603 GC heap after
{Heap after GC invocations=71 (full 0):
 garbage-first heap   total 216064K, used 117159K [0x0000000080000000, 0x0000000100000000)
  region size 1024K, 4 young (4096K), 4 survivors (4096K)
 Metaspace       used 133554K, committed 135872K, reserved 1179648K
  class space    used 17728K, committed 18880K, reserved 1048576K
}
Event: 141.541 GC heap before
{Heap before GC invocations=72 (full 0):
 garbage-first heap   total 217088K, used 196007K [0x0000000080000000, 0x0000000100000000)
  region size 1024K, 84 young (86016K), 4 survivors (4096K)
 Metaspace       used 133563K, committed 135872K, reserved 1179648K
  class space    used 17728K, committed 18880K, reserved 1048576K
}
Event: 141.547 GC heap after
{Heap after GC invocations=73 (full 0):
 garbage-first heap   total 217088K, used 115832K [0x0000000080000000, 0x0000000100000000)
  region size 1024K, 5 young (5120K), 5 survivors (5120K)
 Metaspace       used 133563K, committed 135872K, reserved 1179648K
  class space    used 17728K, committed 18880K, reserved 1048576K
}
Event: 142.171 GC heap before
{Heap before GC invocations=73 (full 0):
 garbage-first heap   total 217088K, used 197752K [0x0000000080000000, 0x0000000100000000)
  region size 1024K, 86 young (88064K), 5 survivors (5120K)
 Metaspace       used 133567K, committed 135872K, reserved 1179648K
  class space    used 17728K, committed 18880K, reserved 1048576K
}
Event: 142.182 GC heap after
{Heap after GC invocations=74 (full 0):
 garbage-first heap   total 217088K, used 117207K [0x0000000080000000, 0x0000000100000000)
  region size 1024K, 7 young (7168K), 7 survivors (7168K)
 Metaspace       used 133567K, committed 135872K, reserved 1179648K
  class space    used 17728K, committed 18880K, reserved 1048576K
}
Event: 142.627 GC heap before
{Heap before GC invocations=74 (full 0):
 garbage-first heap   total 217088K, used 185815K [0x0000000080000000, 0x0000000100000000)
  region size 1024K, 76 young (77824K), 7 survivors (7168K)
 Metaspace       used 133567K, committed 135872K, reserved 1179648K
  class space    used 17728K, committed 18880K, reserved 1048576K
}
Event: 142.637 GC heap after
{Heap after GC invocations=75 (full 0):
 garbage-first heap   total 217088K, used 119050K [0x0000000080000000, 0x0000000100000000)
  region size 1024K, 7 young (7168K), 7 survivors (7168K)
 Metaspace       used 133567K, committed 135872K, reserved 1179648K
  class space    used 17728K, committed 18880K, reserved 1048576K
}
Event: 143.170 GC heap before
{Heap before GC invocations=76 (full 0):
 garbage-first heap   total 268288K, used 195850K [0x0000000080000000, 0x0000000100000000)
  region size 1024K, 81 young (82944K), 7 survivors (7168K)
 Metaspace       used 133270K, committed 135680K, reserved 1179648K
  class space    used 17707K, committed 18880K, reserved 1048576K
}
Event: 143.180 GC heap after
{Heap after GC invocations=77 (full 0):
 garbage-first heap   total 268288K, used 120009K [0x0000000080000000, 0x0000000100000000)
  region size 1024K, 6 young (6144K), 6 survivors (6144K)
 Metaspace       used 133270K, committed 135680K, reserved 1179648K
  class space    used 17707K, committed 18880K, reserved 1048576K
}
Event: 143.683 GC heap before
{Heap before GC invocations=77 (full 0):
 garbage-first heap   total 268288K, used 244937K [0x0000000080000000, 0x0000000100000000)
  region size 1024K, 129 young (132096K), 6 survivors (6144K)
 Metaspace       used 133272K, committed 135680K, reserved 1179648K
  class space    used 17707K, committed 18880K, reserved 1048576K
}
Event: 143.695 GC heap after
{Heap after GC invocations=78 (full 0):
 garbage-first heap   total 268288K, used 120716K [0x0000000080000000, 0x0000000100000000)
  region size 1024K, 8 young (8192K), 8 survivors (8192K)
 Metaspace       used 133272K, committed 135680K, reserved 1179648K
  class space    used 17707K, committed 18880K, reserved 1048576K
}
Event: 145.309 GC heap before
{Heap before GC invocations=78 (full 0):
 garbage-first heap   total 268288K, used 244620K [0x0000000080000000, 0x0000000100000000)
  region size 1024K, 129 young (132096K), 8 survivors (8192K)
 Metaspace       used 133272K, committed 135680K, reserved 1179648K
  class space    used 17707K, committed 18880K, reserved 1048576K
}
Event: 145.323 GC heap after
{Heap after GC invocations=79 (full 0):
 garbage-first heap   total 268288K, used 120680K [0x0000000080000000, 0x0000000100000000)
  region size 1024K, 8 young (8192K), 8 survivors (8192K)
 Metaspace       used 133272K, committed 135680K, reserved 1179648K
  class space    used 17707K, committed 18880K, reserved 1048576K
}
Event: 147.427 GC heap before
{Heap before GC invocations=80 (full 0):
 garbage-first heap   total 268288K, used 243560K [0x0000000080000000, 0x0000000100000000)
  region size 1024K, 129 young (132096K), 8 survivors (8192K)
 Metaspace       used 138227K, committed 140480K, reserved 1179648K
  class space    used 18391K, committed 19520K, reserved 1048576K
}
Event: 147.465 GC heap after
{Heap after GC invocations=81 (full 0):
 garbage-first heap   total 270336K, used 137730K [0x0000000080000000, 0x0000000100000000)
  region size 1024K, 17 young (17408K), 17 survivors (17408K)
 Metaspace       used 138227K, committed 140480K, reserved 1179648K
  class space    used 18391K, committed 19520K, reserved 1048576K
}
Event: 148.899 GC heap before
{Heap before GC invocations=81 (full 0):
 garbage-first heap   total 270336K, used 237058K [0x0000000080000000, 0x0000000100000000)
  region size 1024K, 115 young (117760K), 17 survivors (17408K)
 Metaspace       used 141257K, committed 143488K, reserved 1179648K
  class space    used 18838K, committed 19968K, reserved 1048576K
}

