# JRE version: OpenJDK Runtime Environment (21.0.3) (build 21.0.3+-12282718-b509.11)
# Java VM: OpenJDK 64-Bit Server VM (21.0.3+-12282718-b509.11, mixed mode, tiered, compressed oops, compressed class ptrs, g1 gc, windows-amd64)
GC Precious Log:
 CardTable entry size: 512
 Card Set container configuration: InlinePtr #cards 5 size 8 Array Of Cards #cards 12 size 40 Howl #buckets 4 coarsen threshold 1843 Howl Bitmap #cards 512 size 80 coarsen threshold 460 Card regions per heap region 1 cards per card region 2048
 CPUs: 4 total, 4 available
 Memory: 7926M
 Large Page Support: Disabled
 NUMA Support: Disabled
 Compressed Oops: Enabled (32-bit)
 Heap Region Size: 1M
 Heap Min Capacity: 8M
 Heap Initial Capacity: 124M
 Heap Max Capacity: 2G
 Pre-touch: Disabled
 Parallel Workers: 4
 Concurrent Workers: 1
 Concurrent Refinement Workers: 4
 Periodic GC: Disabled
Heap:
 garbage-first heap   total 225280K, used 135138K [0x0000000080000000, 0x0000000100000000)
  region size 1024K, 11 young (11264K), 11 survivors (11264K)
 Metaspace       used 121824K, committed 123968K, reserved 1179648K
  class space    used 16518K, committed 17600K, reserved 1048576K
GC Heap History (20 events):
Event: 18.354 GC heap after
{Heap after GC invocations=34 (full 0):
 garbage-first heap   total 139264K, used 82367K [0x0000000080000000, 0x0000000100000000)
  region size 1024K, 6 young (6144K), 6 survivors (6144K)
 Metaspace       used 99402K, committed 101440K, reserved 1179648K
  class space    used 13772K, committed 14784K, reserved 1048576K
}
Event: 19.136 GC heap before
{Heap before GC invocations=34 (full 0):
 garbage-first heap   total 139264K, used 124351K [0x0000000080000000, 0x0000000100000000)
  region size 1024K, 47 young (48128K), 6 survivors (6144K)
 Metaspace       used 101082K, committed 103104K, reserved 1179648K
  class space    used 14043K, committed 15040K, reserved 1048576K
}
Event: 19.147 GC heap after
{Heap after GC invocations=35 (full 0):
 garbage-first heap   total 167936K, used 86956K [0x0000000080000000, 0x0000000100000000)
  region size 1024K, 5 young (5120K), 5 survivors (5120K)
 Metaspace       used 101082K, committed 103104K, reserved 1179648K
  class space    used 14043K, committed 15040K, reserved 1048576K
}
Event: 20.677 GC heap before
{Heap before GC invocations=36 (full 0):
 garbage-first heap   total 167936K, used 157612K [0x0000000080000000, 0x0000000100000000)
  region size 1024K, 68 young (69632K), 5 survivors (5120K)
 Metaspace       used 104106K, committed 106176K, reserved 1179648K
  class space    used 14337K, committed 15360K, reserved 1048576K
}
Event: 20.697 GC heap after
{Heap after GC invocations=37 (full 0):
 garbage-first heap   total 174080K, used 96484K [0x0000000080000000, 0x0000000100000000)
  region size 1024K, 9 young (9216K), 9 survivors (9216K)
 Metaspace       used 104106K, committed 106176K, reserved 1179648K
  class space    used 14337K, committed 15360K, reserved 1048576K
}
Event: 22.150 GC heap before
{Heap before GC invocations=37 (full 0):
 garbage-first heap   total 174080K, used 158948K [0x0000000080000000, 0x0000000100000000)
  region size 1024K, 64 young (65536K), 9 survivors (9216K)
 Metaspace       used 104932K, committed 107008K, reserved 1179648K
  class space    used 14416K, committed 15424K, reserved 1048576K
}
Event: 22.176 GC heap after
{Heap after GC invocations=38 (full 0):
 garbage-first heap   total 185344K, used 109489K [0x0000000080000000, 0x0000000100000000)
  region size 1024K, 8 young (8192K), 8 survivors (8192K)
 Metaspace       used 104932K, committed 107008K, reserved 1179648K
  class space    used 14416K, committed 15424K, reserved 1048576K
}
Event: 22.769 GC heap before
{Heap before GC invocations=38 (full 0):
 garbage-first heap   total 185344K, used 118705K [0x0000000080000000, 0x0000000100000000)
  region size 1024K, 19 young (19456K), 8 survivors (8192K)
 Metaspace       used 104965K, committed 107008K, reserved 1179648K
  class space    used 14416K, committed 15424K, reserved 1048576K
}
Event: 22.782 GC heap after
{Heap after GC invocations=39 (full 0):
 garbage-first heap   total 185344K, used 117760K [0x0000000080000000, 0x0000000100000000)
  region size 1024K, 7 young (7168K), 7 survivors (7168K)
 Metaspace       used 104965K, committed 107008K, reserved 1179648K
  class space    used 14416K, committed 15424K, reserved 1048576K
}
Event: 24.687 GC heap before
{Heap before GC invocations=40 (full 0):
 garbage-first heap   total 225280K, used 177152K [0x0000000080000000, 0x0000000100000000)
  region size 1024K, 51 young (52224K), 7 survivors (7168K)
 Metaspace       used 106825K, committed 108928K, reserved 1179648K
  class space    used 14590K, committed 15680K, reserved 1048576K
}
Event: 24.698 GC heap after
{Heap after GC invocations=41 (full 0):
 garbage-first heap   total 225280K, used 118736K [0x0000000080000000, 0x0000000100000000)
  region size 1024K, 6 young (6144K), 6 survivors (6144K)
 Metaspace       used 106825K, committed 108928K, reserved 1179648K
  class space    used 14590K, committed 15680K, reserved 1048576K
}
Event: 26.012 GC heap before
{Heap before GC invocations=41 (full 0):
 garbage-first heap   total 225280K, used 195536K [0x0000000080000000, 0x0000000100000000)
  region size 1024K, 82 young (83968K), 6 survivors (6144K)
 Metaspace       used 110331K, committed 112512K, reserved 1179648K
  class space    used 14924K, committed 16000K, reserved 1048576K
}
Event: 26.021 GC heap after
{Heap after GC invocations=42 (full 0):
 garbage-first heap   total 225280K, used 115964K [0x0000000080000000, 0x0000000100000000)
  region size 1024K, 5 young (5120K), 5 survivors (5120K)
 Metaspace       used 110331K, committed 112512K, reserved 1179648K
  class space    used 14924K, committed 16000K, reserved 1048576K
}
Event: 27.656 GC heap before
{Heap before GC invocations=42 (full 0):
 garbage-first heap   total 225280K, used 198908K [0x0000000080000000, 0x0000000100000000)
  region size 1024K, 87 young (89088K), 5 survivors (5120K)
 Metaspace       used 111962K, committed 114048K, reserved 1179648K
  class space    used 15126K, committed 16192K, reserved 1048576K
}
Event: 27.669 GC heap after
{Heap after GC invocations=43 (full 0):
 garbage-first heap   total 225280K, used 120693K [0x0000000080000000, 0x0000000100000000)
  region size 1024K, 10 young (10240K), 10 survivors (10240K)
 Metaspace       used 111962K, committed 114048K, reserved 1179648K
  class space    used 15126K, committed 16192K, reserved 1048576K
}
Event: 28.802 GC heap before
{Heap before GC invocations=44 (full 0):
 garbage-first heap   total 225280K, used 190325K [0x0000000080000000, 0x0000000100000000)
  region size 1024K, 87 young (89088K), 10 survivors (10240K)
 Metaspace       used 116683K, committed 118848K, reserved 1179648K
  class space    used 15765K, committed 16832K, reserved 1048576K
}
Event: 28.820 GC heap after
{Heap after GC invocations=45 (full 0):
 garbage-first heap   total 225280K, used 123648K [0x0000000080000000, 0x0000000100000000)
  region size 1024K, 11 young (11264K), 11 survivors (11264K)
 Metaspace       used 116683K, committed 118848K, reserved 1179648K
  class space    used 15765K, committed 16832K, reserved 1048576K
}
Event: 29.450 GC heap before
{Heap before GC invocations=45 (full 0):
 garbage-first heap   total 225280K, used 198400K [0x0000000080000000, 0x0000000100000000)
  region size 1024K, 85 young (87040K), 11 survivors (11264K)
 Metaspace       used 119483K, committed 121600K, reserved 1179648K
  class space    used 16171K, committed 17216K, reserved 1048576K
}
Event: 29.477 GC heap after
{Heap after GC invocations=46 (full 0):
 garbage-first heap   total 225280K, used 122701K [0x0000000080000000, 0x0000000100000000)
  region size 1024K, 11 young (11264K), 11 survivors (11264K)
 Metaspace       used 119483K, committed 121600K, reserved 1179648K
  class space    used 16171K, committed 17216K, reserved 1048576K
}
Event: 30.460 GC heap before
{Heap before GC invocations=46 (full 0):
 garbage-first heap   total 225280K, used 195405K [0x0000000080000000, 0x0000000100000000)
  region size 1024K, 83 young (84992K), 11 survivors (11264K)
 Metaspace       used 121824K, committed 123968K, reserved 1179648K
  class space    used 16518K, committed 17600K, reserved 1048576K
}

