# JRE version: OpenJDK Runtime Environment (21.0.3) (build 21.0.3+-12282718-b509.11)
# Java VM: OpenJDK 64-Bit Server VM (21.0.3+-12282718-b509.11, mixed mode, tiered, compressed oops, compressed class ptrs, g1 gc, windows-amd64)
GC Precious Log:
 CardTable entry size: 512
 Card Set container configuration: InlinePtr #cards 5 size 8 Array Of Cards #cards 12 size 40 Howl #buckets 4 coarsen threshold 1843 Howl Bitmap #cards 512 size 80 coarsen threshold 460 Card regions per heap region 1 cards per card region 2048
 CPUs: 4 total, 4 available
 Memory: 7926M
 Large Page Support: Disabled
 NUMA Support: Disabled
 Compressed Oops: Enabled (32-bit)
 Heap Region Size: 1M
 Heap Min Capacity: 8M
 Heap Initial Capacity: 124M
 Heap Max Capacity: 2G
 Pre-touch: Disabled
 Parallel Workers: 4
 Concurrent Workers: 1
 Concurrent Refinement Workers: 4
 Periodic GC: Disabled
Heap:
 garbage-first heap   total 326656K, used 242771K [0x0000000080000000, 0x0000000100000000)
  region size 1024K, 118 young (120832K), 8 survivors (8192K)
 Metaspace       used 160697K, committed 162816K, reserved 1245184K
  class space    used 20634K, committed 22080K, reserved 1048576K
GC Heap History (20 events):
Event: 4261.417 GC heap before
{Heap before GC invocations=120 (full 0):
 garbage-first heap   total 313344K, used 287505K [0x0000000080000000, 0x0000000100000000)
  region size 1024K, 149 young (152576K), 10 survivors (10240K)
 Metaspace       used 160582K, committed 162688K, reserved 1245184K
  class space    used 20657K, committed 22080K, reserved 1048576K
}
Event: 4261.509 GC heap after
{Heap after GC invocations=121 (full 0):
 garbage-first heap   total 313344K, used 127941K [0x0000000080000000, 0x0000000100000000)
  region size 1024K, 9 young (9216K), 9 survivors (9216K)
 Metaspace       used 160582K, committed 162688K, reserved 1245184K
  class space    used 20657K, committed 22080K, reserved 1048576K
}
Event: 4395.439 GC heap before
{Heap before GC invocations=121 (full 0):
 garbage-first heap   total 313344K, used 291781K [0x0000000080000000, 0x0000000100000000)
  region size 1024K, 153 young (156672K), 9 survivors (9216K)
 Metaspace       used 160717K, committed 162816K, reserved 1245184K
  class space    used 20671K, committed 22080K, reserved 1048576K
}
Event: 4395.481 GC heap after
{Heap after GC invocations=122 (full 0):
 garbage-first heap   total 313344K, used 113904K [0x0000000080000000, 0x0000000100000000)
  region size 1024K, 9 young (9216K), 9 survivors (9216K)
 Metaspace       used 160717K, committed 162816K, reserved 1245184K
  class space    used 20671K, committed 22080K, reserved 1048576K
}
Event: 4401.661 GC heap before
{Heap before GC invocations=122 (full 0):
 garbage-first heap   total 313344K, used 166128K [0x0000000080000000, 0x0000000100000000)
  region size 1024K, 62 young (63488K), 9 survivors (9216K)
 Metaspace       used 160733K, committed 162816K, reserved 1245184K
  class space    used 20671K, committed 22080K, reserved 1048576K
}
Event: 4401.719 GC heap after
{Heap after GC invocations=123 (full 0):
 garbage-first heap   total 313344K, used 118529K [0x0000000080000000, 0x0000000100000000)
  region size 1024K, 14 young (14336K), 14 survivors (14336K)
 Metaspace       used 160733K, committed 162816K, reserved 1245184K
  class space    used 20671K, committed 22080K, reserved 1048576K
}
Event: 4407.267 GC heap before
{Heap before GC invocations=124 (full 0):
 garbage-first heap   total 313344K, used 291585K [0x0000000080000000, 0x0000000100000000)
  region size 1024K, 161 young (164864K), 14 survivors (14336K)
 Metaspace       used 161226K, committed 163328K, reserved 1245184K
  class space    used 20685K, committed 22080K, reserved 1048576K
}
Event: 4407.320 GC heap after
{Heap after GC invocations=125 (full 0):
 garbage-first heap   total 313344K, used 117960K [0x0000000080000000, 0x0000000100000000)
  region size 1024K, 3 young (3072K), 3 survivors (3072K)
 Metaspace       used 161226K, committed 163328K, reserved 1245184K
  class space    used 20685K, committed 22080K, reserved 1048576K
}
Event: 4552.368 GC heap before
{Heap before GC invocations=125 (full 0):
 garbage-first heap   total 313344K, used 295112K [0x0000000080000000, 0x0000000100000000)
  region size 1024K, 160 young (163840K), 3 survivors (3072K)
 Metaspace       used 161315K, committed 163456K, reserved 1245184K
  class space    used 20686K, committed 22080K, reserved 1048576K
}
Event: 4552.396 GC heap after
{Heap after GC invocations=126 (full 0):
 garbage-first heap   total 313344K, used 127871K [0x0000000080000000, 0x0000000100000000)
  region size 1024K, 14 young (14336K), 14 survivors (14336K)
 Metaspace       used 161315K, committed 163456K, reserved 1245184K
  class space    used 20686K, committed 22080K, reserved 1048576K
}
Event: 4578.648 GC heap before
{Heap before GC invocations=126 (full 0):
 garbage-first heap   total 313344K, used 307071K [0x0000000080000000, 0x0000000100000000)
  region size 1024K, 160 young (163840K), 14 survivors (14336K)
 Metaspace       used 161514K, committed 163584K, reserved 1245184K
  class space    used 20706K, committed 22080K, reserved 1048576K
}
Event: 4578.683 GC heap after
{Heap after GC invocations=127 (full 0):
 garbage-first heap   total 326656K, used 124972K [0x0000000080000000, 0x0000000100000000)
  region size 1024K, 12 young (12288K), 12 survivors (12288K)
 Metaspace       used 161514K, committed 163584K, reserved 1245184K
  class space    used 20706K, committed 22080K, reserved 1048576K
}
Event: 4578.844 GC heap before
{Heap before GC invocations=127 (full 0):
 garbage-first heap   total 326656K, used 153644K [0x0000000080000000, 0x0000000100000000)
  region size 1024K, 42 young (43008K), 12 survivors (12288K)
 Metaspace       used 161529K, committed 163584K, reserved 1245184K
  class space    used 20706K, committed 22080K, reserved 1048576K
}
Event: 4578.855 GC heap after
{Heap after GC invocations=128 (full 0):
 garbage-first heap   total 326656K, used 125996K [0x0000000080000000, 0x0000000100000000)
  region size 1024K, 13 young (13312K), 13 survivors (13312K)
 Metaspace       used 161529K, committed 163584K, reserved 1245184K
  class space    used 20706K, committed 22080K, reserved 1048576K
}
Event: 4793.997 GC heap before
{Heap before GC invocations=129 (full 0):
 garbage-first heap   total 326656K, used 303148K [0x0000000080000000, 0x0000000100000000)
  region size 1024K, 174 young (178176K), 13 survivors (13312K)
 Metaspace       used 160458K, committed 162688K, reserved 1245184K
  class space    used 20618K, committed 22080K, reserved 1048576K
}
Event: 4794.084 GC heap after
{Heap after GC invocations=130 (full 0):
 garbage-first heap   total 326656K, used 127532K [0x0000000080000000, 0x0000000100000000)
  region size 1024K, 16 young (16384K), 16 survivors (16384K)
 Metaspace       used 160458K, committed 162688K, reserved 1245184K
  class space    used 20618K, committed 22080K, reserved 1048576K
}
Event: 4963.017 GC heap before
{Heap before GC invocations=130 (full 0):
 garbage-first heap   total 326656K, used 313900K [0x0000000080000000, 0x0000000100000000)
  region size 1024K, 171 young (175104K), 16 survivors (16384K)
 Metaspace       used 160598K, committed 162752K, reserved 1245184K
  class space    used 20626K, committed 22080K, reserved 1048576K
}
Event: 4963.056 GC heap after
{Heap after GC invocations=131 (full 0):
 garbage-first heap   total 326656K, used 114771K [0x0000000080000000, 0x0000000100000000)
  region size 1024K, 8 young (8192K), 8 survivors (8192K)
 Metaspace       used 160598K, committed 162752K, reserved 1245184K
  class space    used 20626K, committed 22080K, reserved 1048576K
}
Event: 4963.133 GC heap before
{Heap before GC invocations=131 (full 0):
 garbage-first heap   total 326656K, used 117843K [0x0000000080000000, 0x0000000100000000)
  region size 1024K, 13 young (13312K), 8 survivors (8192K)
 Metaspace       used 160601K, committed 162752K, reserved 1245184K
  class space    used 20626K, committed 22080K, reserved 1048576K
}
Event: 4963.162 GC heap after
{Heap after GC invocations=132 (full 0):
 garbage-first heap   total 326656K, used 114771K [0x0000000080000000, 0x0000000100000000)
  region size 1024K, 8 young (8192K), 8 survivors (8192K)
 Metaspace       used 160601K, committed 162752K, reserved 1245184K
  class space    used 20626K, committed 22080K, reserved 1048576K
}

