# JRE version: OpenJDK Runtime Environment (21.0.3) (build 21.0.3+-12282718-b509.11)
# Java VM: OpenJDK 64-Bit Server VM (21.0.3+-12282718-b509.11, mixed mode, tiered, compressed oops, compressed class ptrs, g1 gc, windows-amd64)
GC Precious Log:
 CardTable entry size: 512
 Card Set container configuration: InlinePtr #cards 5 size 8 Array Of Cards #cards 12 size 40 Howl #buckets 4 coarsen threshold 1843 Howl Bitmap #cards 512 size 80 coarsen threshold 460 Card regions per heap region 1 cards per card region 2048
 CPUs: 4 total, 4 available
 Memory: 7926M
 Large Page Support: Disabled
 NUMA Support: Disabled
 Compressed Oops: Enabled (32-bit)
 Heap Region Size: 1M
 Heap Min Capacity: 8M
 Heap Initial Capacity: 124M
 Heap Max Capacity: 2G
 Pre-touch: Disabled
 Parallel Workers: 4
 Concurrent Workers: 1
 Concurrent Refinement Workers: 4
 Periodic GC: Disabled
Heap:
 garbage-first heap   total 349184K, used 212447K [0x0000000080000000, 0x0000000100000000)
  region size 1024K, 91 young (93184K), 25 survivors (25600K)
 Metaspace       used 125173K, committed 127296K, reserved 1179648K
  class space    used 17086K, committed 18112K, reserved 1048576K
GC Heap History (20 events):
Event: 64.247 GC heap before
{Heap before GC invocations=89 (full 0):
 garbage-first heap   total 340992K, used 309594K [0x0000000080000000, 0x0000000100000000)
  region size 1024K, 188 young (192512K), 12 survivors (12288K)
 Metaspace       used 124999K, committed 127040K, reserved 1179648K
  class space    used 17082K, committed 18112K, reserved 1048576K
}
Event: 64.269 GC heap after
{Heap after GC invocations=90 (full 0):
 garbage-first heap   total 340992K, used 135514K [0x0000000080000000, 0x0000000100000000)
  region size 1024K, 18 young (18432K), 18 survivors (18432K)
 Metaspace       used 124999K, committed 127040K, reserved 1179648K
  class space    used 17082K, committed 18112K, reserved 1048576K
}
Event: 64.754 GC heap before
{Heap before GC invocations=90 (full 0):
 garbage-first heap   total 340992K, used 303450K [0x0000000080000000, 0x0000000100000000)
  region size 1024K, 182 young (186368K), 18 survivors (18432K)
 Metaspace       used 125003K, committed 127040K, reserved 1179648K
  class space    used 17082K, committed 18112K, reserved 1048576K
}
Event: 64.785 GC heap after
{Heap after GC invocations=91 (full 0):
 garbage-first heap   total 340992K, used 141824K [0x0000000080000000, 0x0000000100000000)
  region size 1024K, 20 young (20480K), 20 survivors (20480K)
 Metaspace       used 125003K, committed 127040K, reserved 1179648K
  class space    used 17082K, committed 18112K, reserved 1048576K
}
Event: 65.006 GC heap before
{Heap before GC invocations=91 (full 0):
 garbage-first heap   total 340992K, used 186880K [0x0000000080000000, 0x0000000100000000)
  region size 1024K, 65 young (66560K), 20 survivors (20480K)
 Metaspace       used 125005K, committed 127040K, reserved 1179648K
  class space    used 17082K, committed 18112K, reserved 1048576K
}
Event: 65.022 GC heap after
{Heap after GC invocations=92 (full 0):
 garbage-first heap   total 340992K, used 143060K [0x0000000080000000, 0x0000000100000000)
  region size 1024K, 12 young (12288K), 12 survivors (12288K)
 Metaspace       used 125005K, committed 127040K, reserved 1179648K
  class space    used 17082K, committed 18112K, reserved 1048576K
}
Event: 65.923 GC heap before
{Heap before GC invocations=93 (full 0):
 garbage-first heap   total 340992K, used 308948K [0x0000000080000000, 0x0000000100000000)
  region size 1024K, 175 young (179200K), 12 survivors (12288K)
 Metaspace       used 125015K, committed 127104K, reserved 1179648K
  class space    used 17082K, committed 18112K, reserved 1048576K
}
Event: 65.935 GC heap after
{Heap after GC invocations=94 (full 0):
 garbage-first heap   total 340992K, used 139988K [0x0000000080000000, 0x0000000100000000)
  region size 1024K, 11 young (11264K), 11 survivors (11264K)
 Metaspace       used 125015K, committed 127104K, reserved 1179648K
  class space    used 17082K, committed 18112K, reserved 1048576K
}
Event: 66.518 GC heap before
{Heap before GC invocations=94 (full 0):
 garbage-first heap   total 340992K, used 310996K [0x0000000080000000, 0x0000000100000000)
  region size 1024K, 178 young (182272K), 11 survivors (11264K)
 Metaspace       used 125018K, committed 127104K, reserved 1179648K
  class space    used 17083K, committed 18112K, reserved 1048576K
}
Event: 66.534 GC heap after
{Heap after GC invocations=95 (full 0):
 garbage-first heap   total 340992K, used 128290K [0x0000000080000000, 0x0000000100000000)
  region size 1024K, 12 young (12288K), 12 survivors (12288K)
 Metaspace       used 125018K, committed 127104K, reserved 1179648K
  class space    used 17083K, committed 18112K, reserved 1048576K
}
Event: 67.156 GC heap before
{Heap before GC invocations=95 (full 0):
 garbage-first heap   total 340992K, used 309538K [0x0000000080000000, 0x0000000100000000)
  region size 1024K, 189 young (193536K), 12 survivors (12288K)
 Metaspace       used 125021K, committed 127104K, reserved 1179648K
  class space    used 17084K, committed 18112K, reserved 1048576K
}
Event: 67.168 GC heap after
{Heap after GC invocations=96 (full 0):
 garbage-first heap   total 340992K, used 128802K [0x0000000080000000, 0x0000000100000000)
  region size 1024K, 12 young (12288K), 12 survivors (12288K)
 Metaspace       used 125021K, committed 127104K, reserved 1179648K
  class space    used 17084K, committed 18112K, reserved 1048576K
}
Event: 68.118 GC heap before
{Heap before GC invocations=97 (full 0):
 garbage-first heap   total 340992K, used 310050K [0x0000000080000000, 0x0000000100000000)
  region size 1024K, 189 young (193536K), 12 survivors (12288K)
 Metaspace       used 125028K, committed 127104K, reserved 1179648K
  class space    used 17084K, committed 18112K, reserved 1048576K
}
Event: 68.127 GC heap after
{Heap after GC invocations=98 (full 0):
 garbage-first heap   total 340992K, used 124706K [0x0000000080000000, 0x0000000100000000)
  region size 1024K, 8 young (8192K), 8 survivors (8192K)
 Metaspace       used 125028K, committed 127104K, reserved 1179648K
  class space    used 17084K, committed 18112K, reserved 1048576K
}
Event: 69.250 GC heap before
{Heap before GC invocations=98 (full 0):
 garbage-first heap   total 340992K, used 315170K [0x0000000080000000, 0x0000000100000000)
  region size 1024K, 193 young (197632K), 8 survivors (8192K)
 Metaspace       used 125107K, committed 127232K, reserved 1179648K
  class space    used 17084K, committed 18112K, reserved 1048576K
}
Event: 69.262 GC heap after
{Heap after GC invocations=99 (full 0):
 garbage-first heap   total 340992K, used 118846K [0x0000000080000000, 0x0000000100000000)
  region size 1024K, 7 young (7168K), 7 survivors (7168K)
 Metaspace       used 125107K, committed 127232K, reserved 1179648K
  class space    used 17084K, committed 18112K, reserved 1048576K
}
Event: 70.521 GC heap before
{Heap before GC invocations=99 (full 0):
 garbage-first heap   total 340992K, used 314430K [0x0000000080000000, 0x0000000100000000)
  region size 1024K, 198 young (202752K), 7 survivors (7168K)
 Metaspace       used 125149K, committed 127232K, reserved 1179648K
  class space    used 17085K, committed 18112K, reserved 1048576K
}
Event: 70.529 GC heap after
{Heap after GC invocations=100 (full 0):
 garbage-first heap   total 340992K, used 119534K [0x0000000080000000, 0x0000000100000000)
  region size 1024K, 8 young (8192K), 8 survivors (8192K)
 Metaspace       used 125149K, committed 127232K, reserved 1179648K
  class space    used 17085K, committed 18112K, reserved 1048576K
}
Event: 71.798 GC heap before
{Heap before GC invocations=101 (full 0):
 garbage-first heap   total 340992K, used 313070K [0x0000000080000000, 0x0000000100000000)
  region size 1024K, 197 young (201728K), 8 survivors (8192K)
 Metaspace       used 125167K, committed 127232K, reserved 1179648K
  class space    used 17085K, committed 18112K, reserved 1048576K
}
Event: 71.831 GC heap after
{Heap after GC invocations=102 (full 0):
 garbage-first heap   total 349184K, used 145887K [0x0000000080000000, 0x0000000100000000)
  region size 1024K, 25 young (25600K), 25 survivors (25600K)
 Metaspace       used 125167K, committed 127232K, reserved 1179648K
  class space    used 17085K, committed 18112K, reserved 1048576K
}

