# JRE version: OpenJDK Runtime Environment (21.0.3) (build 21.0.3+-12282718-b509.11)
# Java VM: OpenJDK 64-Bit Server VM (21.0.3+-12282718-b509.11, mixed mode, tiered, compressed oops, compressed class ptrs, g1 gc, windows-amd64)
GC Precious Log:
 CardTable entry size: 512
 Card Set container configuration: InlinePtr #cards 5 size 8 Array Of Cards #cards 12 size 40 Howl #buckets 4 coarsen threshold 1843 Howl Bitmap #cards 512 size 80 coarsen threshold 460 Card regions per heap region 1 cards per card region 2048
 CPUs: 4 total, 4 available
 Memory: 7926M
 Large Page Support: Disabled
 NUMA Support: Disabled
 Compressed Oops: Enabled (32-bit)
 Heap Region Size: 1M
 Heap Min Capacity: 8M
 Heap Initial Capacity: 124M
 Heap Max Capacity: 2G
 Pre-touch: Disabled
 Parallel Workers: 4
 Concurrent Workers: 1
 Concurrent Refinement Workers: 4
 Periodic GC: Disabled
Heap:
 garbage-first heap   total 291840K, used 160932K [0x0000000080000000, 0x0000000100000000)
  region size 1024K, 4 young (4096K), 3 survivors (3072K)
 Metaspace       used 121939K, committed 124032K, reserved 1179648K
  class space    used 16822K, committed 17856K, reserved 1048576K
GC Heap History (20 events):
Event: 23.076 GC heap before
{Heap before GC invocations=42 (full 0):
 garbage-first heap   total 199680K, used 170286K [0x0000000080000000, 0x0000000100000000)
  region size 1024K, 87 young (89088K), 8 survivors (8192K)
 Metaspace       used 104667K, committed 106752K, reserved 1179648K
  class space    used 14434K, committed 15488K, reserved 1048576K
}
Event: 23.095 GC heap after
{Heap after GC invocations=43 (full 0):
 garbage-first heap   total 199680K, used 100334K [0x0000000080000000, 0x0000000100000000)
  region size 1024K, 11 young (11264K), 11 survivors (11264K)
 Metaspace       used 104667K, committed 106752K, reserved 1179648K
  class space    used 14434K, committed 15488K, reserved 1048576K
}
Event: 24.032 GC heap before
{Heap before GC invocations=44 (full 0):
 garbage-first heap   total 215040K, used 175086K [0x0000000080000000, 0x0000000100000000)
  region size 1024K, 83 young (84992K), 11 survivors (11264K)
 Metaspace       used 108889K, committed 110912K, reserved 1179648K
  class space    used 15023K, committed 16064K, reserved 1048576K
}
Event: 24.048 GC heap after
{Heap after GC invocations=45 (full 0):
 garbage-first heap   total 215040K, used 110592K [0x0000000080000000, 0x0000000100000000)
  region size 1024K, 11 young (11264K), 11 survivors (11264K)
 Metaspace       used 108889K, committed 110912K, reserved 1179648K
  class space    used 15023K, committed 16064K, reserved 1048576K
}
Event: 24.481 GC heap before
{Heap before GC invocations=45 (full 0):
 garbage-first heap   total 215040K, used 185344K [0x0000000080000000, 0x0000000100000000)
  region size 1024K, 84 young (86016K), 11 survivors (11264K)
 Metaspace       used 109703K, committed 111808K, reserved 1179648K
  class space    used 15136K, committed 16192K, reserved 1048576K
}
Event: 24.509 GC heap after
{Heap after GC invocations=46 (full 0):
 garbage-first heap   total 215040K, used 118784K [0x0000000080000000, 0x0000000100000000)
  region size 1024K, 11 young (11264K), 11 survivors (11264K)
 Metaspace       used 109703K, committed 111808K, reserved 1179648K
  class space    used 15136K, committed 16192K, reserved 1048576K
}
Event: 25.457 GC heap before
{Heap before GC invocations=46 (full 0):
 garbage-first heap   total 215040K, used 184320K [0x0000000080000000, 0x0000000100000000)
  region size 1024K, 76 young (77824K), 11 survivors (11264K)
 Metaspace       used 112785K, committed 114816K, reserved 1179648K
  class space    used 15569K, committed 16576K, reserved 1048576K
}
Event: 25.482 GC heap after
{Heap after GC invocations=47 (full 0):
 garbage-first heap   total 215040K, used 130022K [0x0000000080000000, 0x0000000100000000)
  region size 1024K, 10 young (10240K), 10 survivors (10240K)
 Metaspace       used 112785K, committed 114816K, reserved 1179648K
  class space    used 15569K, committed 16576K, reserved 1048576K
}
Event: 26.643 GC heap before
{Heap before GC invocations=48 (full 0):
 garbage-first heap   total 219136K, used 188390K [0x0000000080000000, 0x0000000100000000)
  region size 1024K, 68 young (69632K), 10 survivors (10240K)
 Metaspace       used 114258K, committed 116288K, reserved 1179648K
  class space    used 15801K, committed 16832K, reserved 1048576K
}
Event: 26.667 GC heap after
{Heap after GC invocations=49 (full 0):
 garbage-first heap   total 219136K, used 139776K [0x0000000080000000, 0x0000000100000000)
  region size 1024K, 9 young (9216K), 9 survivors (9216K)
 Metaspace       used 114258K, committed 116288K, reserved 1179648K
  class space    used 15801K, committed 16832K, reserved 1048576K
}
Event: 27.207 GC heap before
{Heap before GC invocations=49 (full 0):
 garbage-first heap   total 219136K, used 193024K [0x0000000080000000, 0x0000000100000000)
  region size 1024K, 62 young (63488K), 9 survivors (9216K)
 Metaspace       used 114779K, committed 116800K, reserved 1179648K
  class space    used 15882K, committed 16896K, reserved 1048576K
}
Event: 27.233 GC heap after
{Heap after GC invocations=50 (full 0):
 garbage-first heap   total 219136K, used 150528K [0x0000000080000000, 0x0000000100000000)
  region size 1024K, 8 young (8192K), 8 survivors (8192K)
 Metaspace       used 114779K, committed 116800K, reserved 1179648K
  class space    used 15882K, committed 16896K, reserved 1048576K
}
Event: 27.542 GC heap before
{Heap before GC invocations=50 (full 0):
 garbage-first heap   total 219136K, used 195584K [0x0000000080000000, 0x0000000100000000)
  region size 1024K, 53 young (54272K), 8 survivors (8192K)
 Metaspace       used 117113K, committed 119168K, reserved 1179648K
  class space    used 16261K, committed 17280K, reserved 1048576K
}
Event: 27.560 GC heap after
{Heap after GC invocations=51 (full 0):
 garbage-first heap   total 286720K, used 159232K [0x0000000080000000, 0x0000000100000000)
  region size 1024K, 7 young (7168K), 7 survivors (7168K)
 Metaspace       used 117113K, committed 119168K, reserved 1179648K
  class space    used 16261K, committed 17280K, reserved 1048576K
}
Event: 29.594 GC heap before
{Heap before GC invocations=52 (full 0):
 garbage-first heap   total 291840K, used 243200K [0x0000000080000000, 0x0000000100000000)
  region size 1024K, 90 young (92160K), 7 survivors (7168K)
 Metaspace       used 121222K, committed 123328K, reserved 1179648K
  class space    used 16780K, committed 17792K, reserved 1048576K
}
Event: 29.606 GC heap after
{Heap after GC invocations=53 (full 0):
 garbage-first heap   total 291840K, used 161413K [0x0000000080000000, 0x0000000100000000)
  region size 1024K, 2 young (2048K), 2 survivors (2048K)
 Metaspace       used 121222K, committed 123328K, reserved 1179648K
  class space    used 16780K, committed 17792K, reserved 1048576K
}
Event: 30.779 GC heap before
{Heap before GC invocations=53 (full 0):
 garbage-first heap   total 291840K, used 257669K [0x0000000080000000, 0x0000000100000000)
  region size 1024K, 96 young (98304K), 2 survivors (2048K)
 Metaspace       used 121803K, committed 123904K, reserved 1179648K
  class space    used 16816K, committed 17856K, reserved 1048576K
}
Event: 30.786 GC heap after
{Heap after GC invocations=54 (full 0):
 garbage-first heap   total 291840K, used 160264K [0x0000000080000000, 0x0000000100000000)
  region size 1024K, 2 young (2048K), 2 survivors (2048K)
 Metaspace       used 121803K, committed 123904K, reserved 1179648K
  class space    used 16816K, committed 17856K, reserved 1048576K
}
Event: 31.470 GC heap before
{Heap before GC invocations=54 (full 0):
 garbage-first heap   total 291840K, used 263688K [0x0000000080000000, 0x0000000100000000)
  region size 1024K, 104 young (106496K), 2 survivors (2048K)
 Metaspace       used 121887K, committed 123968K, reserved 1179648K
  class space    used 16820K, committed 17856K, reserved 1048576K
}
Event: 31.477 GC heap after
{Heap after GC invocations=55 (full 0):
 garbage-first heap   total 291840K, used 160476K [0x0000000080000000, 0x0000000100000000)
  region size 1024K, 2 young (2048K), 2 survivors (2048K)
 Metaspace       used 121887K, committed 123968K, reserved 1179648K
  class space    used 16820K, committed 17856K, reserved 1048576K
}

