# JRE version: OpenJDK Runtime Environment (21.0.3) (build 21.0.3+-12282718-b509.11)
# Java VM: OpenJDK 64-Bit Server VM (21.0.3+-12282718-b509.11, mixed mode, tiered, compressed oops, compressed class ptrs, g1 gc, windows-amd64)
GC Precious Log:
 CardTable entry size: 512
 Card Set container configuration: InlinePtr #cards 5 size 8 Array Of Cards #cards 12 size 40 Howl #buckets 4 coarsen threshold 1843 Howl Bitmap #cards 512 size 80 coarsen threshold 460 Card regions per heap region 1 cards per card region 2048
 CPUs: 4 total, 4 available
 Memory: 7926M
 Large Page Support: Disabled
 NUMA Support: Disabled
 Compressed Oops: Enabled (32-bit)
 Heap Region Size: 1M
 Heap Min Capacity: 8M
 Heap Initial Capacity: 124M
 Heap Max Capacity: 2G
 Pre-touch: Disabled
 Parallel Workers: 4
 Concurrent Workers: 1
 Concurrent Refinement Workers: 4
 Periodic GC: Disabled
Heap:
 garbage-first heap   total 224256K, used 173502K [0x0000000080000000, 0x0000000100000000)
  region size 1024K, 62 young (63488K), 9 survivors (9216K)
 Metaspace       used 119161K, committed 121280K, reserved 1179648K
  class space    used 16192K, committed 17216K, reserved 1048576K
GC Heap History (20 events):
Event: 25.162 GC heap before
{Heap before GC invocations=33 (full 0):
 garbage-first heap   total 145408K, used 131063K [0x0000000080000000, 0x0000000100000000)
  region size 1024K, 55 young (56320K), 5 survivors (5120K)
 Metaspace       used 100859K, committed 102976K, reserved 1179648K
  class space    used 14058K, committed 15104K, reserved 1048576K
}
Event: 25.191 GC heap after
{Heap after GC invocations=34 (full 0):
 garbage-first heap   total 145408K, used 84634K [0x0000000080000000, 0x0000000100000000)
  region size 1024K, 7 young (7168K), 7 survivors (7168K)
 Metaspace       used 100859K, committed 102976K, reserved 1179648K
  class space    used 14058K, committed 15104K, reserved 1048576K
}
Event: 26.041 GC heap before
{Heap before GC invocations=34 (full 0):
 garbage-first heap   total 145408K, used 128666K [0x0000000080000000, 0x0000000100000000)
  region size 1024K, 51 young (52224K), 7 survivors (7168K)
 Metaspace       used 100914K, committed 102976K, reserved 1179648K
  class space    used 14062K, committed 15104K, reserved 1048576K
}
Event: 26.065 GC heap after
{Heap after GC invocations=35 (full 0):
 garbage-first heap   total 175104K, used 87405K [0x0000000080000000, 0x0000000100000000)
  region size 1024K, 4 young (4096K), 4 survivors (4096K)
 Metaspace       used 100914K, committed 102976K, reserved 1179648K
  class space    used 14062K, committed 15104K, reserved 1048576K
}
Event: 29.346 GC heap before
{Heap before GC invocations=36 (full 0):
 garbage-first heap   total 175104K, used 170349K [0x0000000080000000, 0x0000000100000000)
  region size 1024K, 72 young (73728K), 4 survivors (4096K)
 Metaspace       used 104656K, committed 106752K, reserved 1179648K
  class space    used 14426K, committed 15488K, reserved 1048576K
}
Event: 29.371 GC heap after
{Heap after GC invocations=37 (full 0):
 garbage-first heap   total 195584K, used 109531K [0x0000000080000000, 0x0000000100000000)
  region size 1024K, 9 young (9216K), 9 survivors (9216K)
 Metaspace       used 104656K, committed 106752K, reserved 1179648K
  class space    used 14426K, committed 15488K, reserved 1048576K
}
Event: 30.813 GC heap before
{Heap before GC invocations=37 (full 0):
 garbage-first heap   total 195584K, used 179163K [0x0000000080000000, 0x0000000100000000)
  region size 1024K, 63 young (64512K), 9 survivors (9216K)
 Metaspace       used 106074K, committed 108224K, reserved 1179648K
  class space    used 14545K, committed 15616K, reserved 1048576K
}
Event: 30.831 GC heap after
{Heap after GC invocations=38 (full 0):
 garbage-first heap   total 196608K, used 111388K [0x0000000080000000, 0x0000000100000000)
  region size 1024K, 5 young (5120K), 5 survivors (5120K)
 Metaspace       used 106074K, committed 108224K, reserved 1179648K
  class space    used 14545K, committed 15616K, reserved 1048576K
}
Event: 31.823 GC heap before
{Heap before GC invocations=38 (full 0):
 garbage-first heap   total 196608K, used 167708K [0x0000000080000000, 0x0000000100000000)
  region size 1024K, 61 young (62464K), 5 survivors (5120K)
 Metaspace       used 108559K, committed 110720K, reserved 1179648K
  class space    used 14802K, committed 15872K, reserved 1048576K
}
Event: 31.837 GC heap after
{Heap after GC invocations=39 (full 0):
 garbage-first heap   total 196608K, used 120064K [0x0000000080000000, 0x0000000100000000)
  region size 1024K, 8 young (8192K), 8 survivors (8192K)
 Metaspace       used 108559K, committed 110720K, reserved 1179648K
  class space    used 14802K, committed 15872K, reserved 1048576K
}
Event: 33.519 GC heap before
{Heap before GC invocations=40 (full 0):
 garbage-first heap   total 215040K, used 170240K [0x0000000080000000, 0x0000000100000000)
  region size 1024K, 58 young (59392K), 8 survivors (8192K)
 Metaspace       used 111427K, committed 113536K, reserved 1179648K
  class space    used 15097K, committed 16128K, reserved 1048576K
}
Event: 33.530 GC heap after
{Heap after GC invocations=41 (full 0):
 garbage-first heap   total 215040K, used 122757K [0x0000000080000000, 0x0000000100000000)
  region size 1024K, 4 young (4096K), 4 survivors (4096K)
 Metaspace       used 111427K, committed 113536K, reserved 1179648K
  class space    used 15097K, committed 16128K, reserved 1048576K
}
Event: 34.488 GC heap before
{Heap before GC invocations=41 (full 0):
 garbage-first heap   total 215040K, used 187269K [0x0000000080000000, 0x0000000100000000)
  region size 1024K, 68 young (69632K), 4 survivors (4096K)
 Metaspace       used 112523K, committed 114688K, reserved 1179648K
  class space    used 15245K, committed 16320K, reserved 1048576K
}
Event: 34.497 GC heap after
{Heap after GC invocations=42 (full 0):
 garbage-first heap   total 215040K, used 124535K [0x0000000080000000, 0x0000000100000000)
  region size 1024K, 8 young (8192K), 8 survivors (8192K)
 Metaspace       used 112523K, committed 114688K, reserved 1179648K
  class space    used 15245K, committed 16320K, reserved 1048576K
}
Event: 34.580 GC heap before
{Heap before GC invocations=42 (full 0):
 garbage-first heap   total 215040K, used 142967K [0x0000000080000000, 0x0000000100000000)
  region size 1024K, 28 young (28672K), 8 survivors (8192K)
 Metaspace       used 112543K, committed 114688K, reserved 1179648K
  class space    used 15246K, committed 16320K, reserved 1048576K
}
Event: 34.592 GC heap after
{Heap after GC invocations=43 (full 0):
 garbage-first heap   total 215040K, used 131406K [0x0000000080000000, 0x0000000100000000)
  region size 1024K, 7 young (7168K), 7 survivors (7168K)
 Metaspace       used 112543K, committed 114688K, reserved 1179648K
  class space    used 15246K, committed 16320K, reserved 1048576K
}
Event: 35.388 GC heap before
{Heap before GC invocations=44 (full 0):
 garbage-first heap   total 224256K, used 173390K [0x0000000080000000, 0x0000000100000000)
  region size 1024K, 58 young (59392K), 7 survivors (7168K)
 Metaspace       used 115353K, committed 117504K, reserved 1179648K
  class space    used 15652K, committed 16704K, reserved 1048576K
}
Event: 35.397 GC heap after
{Heap after GC invocations=45 (full 0):
 garbage-first heap   total 224256K, used 126976K [0x0000000080000000, 0x0000000100000000)
  region size 1024K, 8 young (8192K), 8 survivors (8192K)
 Metaspace       used 115353K, committed 117504K, reserved 1179648K
  class space    used 15652K, committed 16704K, reserved 1048576K
}
Event: 35.988 GC heap before
{Heap before GC invocations=45 (full 0):
 garbage-first heap   total 224256K, used 187392K [0x0000000080000000, 0x0000000100000000)
  region size 1024K, 68 young (69632K), 8 survivors (8192K)
 Metaspace       used 116883K, committed 119104K, reserved 1179648K
  class space    used 15829K, committed 16896K, reserved 1048576K
}
Event: 36.018 GC heap after
{Heap after GC invocations=46 (full 0):
 garbage-first heap   total 224256K, used 120254K [0x0000000080000000, 0x0000000100000000)
  region size 1024K, 9 young (9216K), 9 survivors (9216K)
 Metaspace       used 116883K, committed 119104K, reserved 1179648K
  class space    used 15829K, committed 16896K, reserved 1048576K
}

